<?xml version="1.0" encoding="UTF-8"?>
<!-- Generated by org.testng.reporters.JUnitReportReporter -->
<testsuite skipped="0" hostname="DESKTOP-JMSN7NG" name="demo.Demo" tests="1" failures="0" timestamp="2021-11-07T10:16:36 IST" time="21.753" errors="0">
  <testcase name="a" time="21.753" classname="demo.Demo"/>
  <system-out/>
</testsuite> <!-- demo.Demo -->
